Using pre-set license
Built from '2020.3/release' branch; Version is '2020.3.15f2 (6cf78cb77498) revision 7141260'; Using compiler version '192528614'; Build Type 'Release'
OS: 'Windows 10 Pro; OS build 19043.1165; Version 2009; 64bit' Language: 'es' Physical Memory: 16315 MB
BatchMode: 1, IsHumanControllingUs: 0, StartBugReporterOnCrash: 0, Is64bit: 1, IsPro: 0

 COMMAND LINE ARGUMENTS:
C:\Program Files\Unity\Hub\Editor\2020.3.15f2\Editor\Unity.exe
-adb2
-batchMode
-noUpm
-name
AssetImportWorker0
-projectPath
C:/Users/feder/Documents/GitHub/RTS-SYSTEM-API
-logFile
Logs/AssetImportWorker0.log
-srvPort
50993
Successfully changed project path to: C:/Users/feder/Documents/GitHub/RTS-SYSTEM-API
C:/Users/feder/Documents/GitHub/RTS-SYSTEM-API
Using Asset Import Pipeline V2.
Refreshing native plugins compatible for Editor in 42.84 ms, found 4 plugins.
Preloading 0 native plugins for Editor in 0.00 ms.
Initialize engine version: 2020.3.15f2 (6cf78cb77498)
[Subsystems] Discovering subsystems at path C:/Program Files/Unity/Hub/Editor/2020.3.15f2/Editor/Data/Resources/UnitySubsystems
[Subsystems] Discovering subsystems at path C:/Users/feder/Documents/GitHub/RTS-SYSTEM-API/Assets
GfxDevice: creating device client; threaded=0
Direct3D:
    Version:  Direct3D 11.0 [level 11.1]
    Renderer: Radeon RX 580 Series (ID=0x67df)
    Vendor:   
    VRAM:     8171 MB
    Driver:   27.20.22017.1004
Initialize mono
Mono path[0] = 'C:/Program Files/Unity/Hub/Editor/2020.3.15f2/Editor/Data/Managed'
Mono path[1] = 'C:/Program Files/Unity/Hub/Editor/2020.3.15f2/Editor/Data/MonoBleedingEdge/lib/mono/unityjit'
Mono config path = 'C:/Program Files/Unity/Hub/Editor/2020.3.15f2/Editor/Data/MonoBleedingEdge/etc'
Using monoOptions --debugger-agent=transport=dt_socket,embedding=1,server=y,suspend=n,address=127.0.0.1:56280
Begin MonoManager ReloadAssembly
Registering precompiled unity dll's ...
Register platform support module: C:/Program Files/Unity/Hub/Editor/2020.3.15f2/Editor/Data/PlaybackEngines/WindowsStandaloneSupport/UnityEditor.WindowsStandalone.Extensions.dll
Registered in 0.002338 seconds.
Native extension for WindowsStandalone target not found
Refreshing native plugins compatible for Editor in 32.08 ms, found 4 plugins.
Preloading 0 native plugins for Editor in 0.00 ms.
Mono: successfully reloaded assembly
- Completed reload, in  1.269 seconds
Domain Reload Profiling:
	ReloadAssembly (1269ms)
		BeginReloadAssembly (67ms)
			ExecutionOrderSort (0ms)
			DisableScriptedObjects (0ms)
			BackupInstance (0ms)
			ReleaseScriptingObjects (0ms)
			CreateAndSetChildDomain (1ms)
		EndReloadAssembly (442ms)
			LoadAssemblies (64ms)
			RebuildTransferFunctionScriptingTraits (0ms)
			SetupTypeCache (170ms)
			ReleaseScriptCaches (0ms)
			RebuildScriptCaches (31ms)
			SetupLoadedEditorAssemblies (169ms)
				LogAssemblyErrors (0ms)
				InitializePlatformSupportModulesInManaged (4ms)
				SetLoadedEditorAssemblies (0ms)
				RefreshPlugins (32ms)
				BeforeProcessingInitializeOnLoad (11ms)
				ProcessInitializeOnLoadAttributes (91ms)
				ProcessInitializeOnLoadMethodAttributes (31ms)
				AfterProcessingInitializeOnLoad (0ms)
				EditorAssembliesLoaded (0ms)
			ExecutionOrderSort2 (0ms)
			AwakeInstancesAfterBackupRestoration (0ms)
Platform modules already initialized, skipping
Registering precompiled user dll's ...
Registered in 0.010262 seconds.
Begin MonoManager ReloadAssembly
Native extension for WindowsStandalone target not found
Refreshing native plugins compatible for Editor in 0.52 ms, found 4 plugins.
Preloading 0 native plugins for Editor in 0.00 ms.
Mono: successfully reloaded assembly
- Completed reload, in  1.232 seconds
Domain Reload Profiling:
	ReloadAssembly (1233ms)
		BeginReloadAssembly (169ms)
			ExecutionOrderSort (0ms)
			DisableScriptedObjects (5ms)
			BackupInstance (0ms)
			ReleaseScriptingObjects (0ms)
			CreateAndSetChildDomain (20ms)
		EndReloadAssembly (994ms)
			LoadAssemblies (101ms)
			RebuildTransferFunctionScriptingTraits (0ms)
			SetupTypeCache (299ms)
			ReleaseScriptCaches (0ms)
			RebuildScriptCaches (48ms)
			SetupLoadedEditorAssemblies (447ms)
				LogAssemblyErrors (0ms)
				InitializePlatformSupportModulesInManaged (5ms)
				SetLoadedEditorAssemblies (0ms)
				RefreshPlugins (1ms)
				BeforeProcessingInitializeOnLoad (100ms)
				ProcessInitializeOnLoadAttributes (328ms)
				ProcessInitializeOnLoadMethodAttributes (5ms)
				AfterProcessingInitializeOnLoad (7ms)
				EditorAssembliesLoaded (0ms)
			ExecutionOrderSort2 (0ms)
			AwakeInstancesAfterBackupRestoration (7ms)
Platform modules already initialized, skipping
========================================================================
Worker process is ready to serve import requests
Launched and connected shader compiler UnityShaderCompiler.exe after 0.05 seconds
Refreshing native plugins compatible for Editor in 0.52 ms, found 4 plugins.
Preloading 0 native plugins for Editor in 0.00 ms.
Unloading 1422 Unused Serialized files (Serialized files now loaded: 0)
System memory in use before: 65.6 MB.
System memory in use after: 65.7 MB.

Unloading 35 unused Assets to reduce memory usage. Loaded Objects now: 1881.
Total: 2.177900 ms (FindLiveObjects: 0.152800 ms CreateObjectMapping: 0.034100 ms MarkObjects: 1.924900 ms  DeleteObjects: 0.065000 ms)

AssetImportParameters requested are different than current active one (requested -> active):
  custom:framework-win-MediaFoundation: 216162199b28c13a410421893ffa2e32 -> 
  custom:video-decoder-ogg-theora: a1e56fd34408186e4bbccfd4996cb3dc -> 
  custom:container-muxer-webm: aa71ff27fc2769a1b78a27578f13a17b -> 
  custom:container-demuxer-webm: 4f35f7cbe854078d1ac9338744f61a02 -> 
  custom:container-demuxer-ogg: 62fdf1f143b41e24485cea50d1cbac27 -> 
  custom:video-encoder-webm-vp8: eb34c28f22e8b96e1ab97ce403110664 -> 
  custom:video-decoder-webm-vp8: 9c59270c3fd7afecdb556c50c9e8de78 -> 
  custom:audio-decoder-ogg-vorbis: bf7c407c2cedff20999df2af8eb42d56 -> 
  custom:audio-encoder-webm-vorbis: bf7c407c2cedff20999df2af8eb42d56 -> 
========================================================================
Received Import Request.
  path: Assets/Scenes
  artifactKey: Guid(0916be04dc2304b4e921fc32f50b104e) Importer(815301076,1909f56bfc062723c751e8b465ee728b)
Start importing Assets/Scenes using Guid(0916be04dc2304b4e921fc32f50b104e) Importer(815301076,1909f56bfc062723c751e8b465ee728b)  -> (artifact id: 'fdf2cc432ccdacb074ac7b7eec606e82') in 0.008535 seconds 
  Import took 0.010755 seconds .

========================================================================
Received Import Request.
  Time since last request: 0.000222 seconds.
  path: Assets/Scenes/SampleScene.unity
  artifactKey: Guid(9fc0d4010bbf28b4594072e72b8655ab) Importer(815301076,1909f56bfc062723c751e8b465ee728b)
Start importing Assets/Scenes/SampleScene.unity using Guid(9fc0d4010bbf28b4594072e72b8655ab) Importer(815301076,1909f56bfc062723c751e8b465ee728b)  -> (artifact id: 'bd4bb7e3f321c6f8d39a12294699aa73') in 0.013555 seconds 
  Import took 0.015735 seconds .

========================================================================
Received Import Request.
  Time since last request: 3.597850 seconds.
  path: Assets/Imports
  artifactKey: Guid(be6e1834ef91ccb4eb3289a882f6ea73) Importer(815301076,1909f56bfc062723c751e8b465ee728b)
Start importing Assets/Imports using Guid(be6e1834ef91ccb4eb3289a882f6ea73) Importer(815301076,1909f56bfc062723c751e8b465ee728b)  -> (artifact id: '7b41a14e43a7886e6e614eea0d5e4f6e') in 0.006823 seconds 
  Import took 0.009175 seconds .

========================================================================
Received Import Request.
  Time since last request: 1.025309 seconds.
  path: Assets/Imports/LowPoly Environment Pack
  artifactKey: Guid(d4b3029b282c41d4a98ff6b60cd2f532) Importer(815301076,1909f56bfc062723c751e8b465ee728b)
Start importing Assets/Imports/LowPoly Environment Pack using Guid(d4b3029b282c41d4a98ff6b60cd2f532) Importer(815301076,1909f56bfc062723c751e8b465ee728b)  -> (artifact id: 'c29660aafdd6d4898b211e2959520ecf') in 0.006859 seconds 
  Import took 0.009209 seconds .

========================================================================
Received Import Request.
  Time since last request: 1.458732 seconds.
  path: Assets/Imports/LowPoly Environment Pack/Prefabs
  artifactKey: Guid(0dc6268c13712ab439ede78390bed311) Importer(815301076,1909f56bfc062723c751e8b465ee728b)
Start importing Assets/Imports/LowPoly Environment Pack/Prefabs using Guid(0dc6268c13712ab439ede78390bed311) Importer(815301076,1909f56bfc062723c751e8b465ee728b)  -> (artifact id: '0d0c98d93b7187303095596f99466813') in 0.007519 seconds 
  Import took 0.009893 seconds .

========================================================================
Received Import Request.
  Time since last request: 0.092212 seconds.
  path: Assets/Imports/LowPoly Environment Pack/Prefabs/Bush_1.prefab
  artifactKey: Guid(d82a0024cf3346b4695544dd461fb02b) Importer(815301076,1909f56bfc062723c751e8b465ee728b)
Start importing Assets/Imports/LowPoly Environment Pack/Prefabs/Bush_1.prefab using Guid(d82a0024cf3346b4695544dd461fb02b) Importer(815301076,1909f56bfc062723c751e8b465ee728b)  -> (artifact id: '8222a50f70064bd12743f2cba2c405fe') in 0.298228 seconds 
  Import took 0.300640 seconds .

========================================================================
Received Import Request.
  Time since last request: 0.000194 seconds.
  path: Assets/Imports/LowPoly Environment Pack/Prefabs/Tree_2.prefab
  artifactKey: Guid(dc00aab85b301f242896a77c4b442ec0) Importer(815301076,1909f56bfc062723c751e8b465ee728b)
Start importing Assets/Imports/LowPoly Environment Pack/Prefabs/Tree_2.prefab using Guid(dc00aab85b301f242896a77c4b442ec0) Importer(815301076,1909f56bfc062723c751e8b465ee728b)  -> (artifact id: '4d310109b8e96b22b7053006cd45c0e4') in 0.018000 seconds 
  Import took 0.020335 seconds .

========================================================================
Received Import Request.
  Time since last request: 0.000205 seconds.
  path: Assets/Imports/LowPoly Environment Pack/Prefabs/Grass_2.prefab
  artifactKey: Guid(c04be9f92ebf58b46b2204ac3aaa8785) Importer(815301076,1909f56bfc062723c751e8b465ee728b)
Start importing Assets/Imports/LowPoly Environment Pack/Prefabs/Grass_2.prefab using Guid(c04be9f92ebf58b46b2204ac3aaa8785) Importer(815301076,1909f56bfc062723c751e8b465ee728b)  -> (artifact id: '47bdb1013e91a7e01c2cb57436fd6a49') in 0.015177 seconds 
  Import took 0.017852 seconds .

========================================================================
Received Import Request.
  Time since last request: 0.000222 seconds.
  path: Assets/Imports/LowPoly Environment Pack/Prefabs/Log_1.prefab
  artifactKey: Guid(0761e9c9debdfd34fa20f5859c6f08ff) Importer(815301076,1909f56bfc062723c751e8b465ee728b)
Start importing Assets/Imports/LowPoly Environment Pack/Prefabs/Log_1.prefab using Guid(0761e9c9debdfd34fa20f5859c6f08ff) Importer(815301076,1909f56bfc062723c751e8b465ee728b)  -> (artifact id: '310e393d6fcf739cfecd7f0585aadb57') in 0.014067 seconds 
  Import took 0.016675 seconds .

========================================================================
Received Import Request.
  Time since last request: 0.000205 seconds.
  path: Assets/Imports/LowPoly Environment Pack/Prefabs/Plant_1.prefab
  artifactKey: Guid(48ad265f338caaf4da3a864816595b22) Importer(815301076,1909f56bfc062723c751e8b465ee728b)
Start importing Assets/Imports/LowPoly Environment Pack/Prefabs/Plant_1.prefab using Guid(48ad265f338caaf4da3a864816595b22) Importer(815301076,1909f56bfc062723c751e8b465ee728b)  -> (artifact id: '6baa6e643c603b2684edf4e711d04a0f') in 0.013900 seconds 
  Import took 0.016200 seconds .

========================================================================
Received Import Request.
  Time since last request: 0.000239 seconds.
  path: Assets/Imports/LowPoly Environment Pack/Prefabs/Rock_1.prefab
  artifactKey: Guid(74442f407a24ac84f95f08a83b1bb617) Importer(815301076,1909f56bfc062723c751e8b465ee728b)
Start importing Assets/Imports/LowPoly Environment Pack/Prefabs/Rock_1.prefab using Guid(74442f407a24ac84f95f08a83b1bb617) Importer(815301076,1909f56bfc062723c751e8b465ee728b)  -> (artifact id: 'dd202a6a2e1c7ae57671f049ac9b4e61') in 0.014202 seconds 
  Import took 0.016503 seconds .

========================================================================
Received Import Request.
  Time since last request: 0.000166 seconds.
  path: Assets/Imports/LowPoly Environment Pack/Prefabs/Mounting_3.prefab
  artifactKey: Guid(37bf6b4eaddee8d448771b63238e03d1) Importer(815301076,1909f56bfc062723c751e8b465ee728b)
Start importing Assets/Imports/LowPoly Environment Pack/Prefabs/Mounting_3.prefab using Guid(37bf6b4eaddee8d448771b63238e03d1) Importer(815301076,1909f56bfc062723c751e8b465ee728b)  -> (artifact id: '30e0e6aee3fe76a9a48d20fd996dd3a0') in 0.014468 seconds 
  Import took 0.016751 seconds .

========================================================================
Received Import Request.
  Time since last request: 0.000231 seconds.
  path: Assets/Imports/LowPoly Environment Pack/Prefabs/Rock_2.prefab
  artifactKey: Guid(4983f395b2610de4e9f688a87bbd9af9) Importer(815301076,1909f56bfc062723c751e8b465ee728b)
Start importing Assets/Imports/LowPoly Environment Pack/Prefabs/Rock_2.prefab using Guid(4983f395b2610de4e9f688a87bbd9af9) Importer(815301076,1909f56bfc062723c751e8b465ee728b)  -> (artifact id: '54107c4961d230dbe62888baf1427925') in 0.014964 seconds 
  Import took 0.017536 seconds .

========================================================================
Received Import Request.
  Time since last request: 0.000198 seconds.
  path: Assets/Imports/LowPoly Environment Pack/Prefabs/Rock_5.prefab
  artifactKey: Guid(3a33ce58c20826a4ea7253f84444654b) Importer(815301076,1909f56bfc062723c751e8b465ee728b)
Start importing Assets/Imports/LowPoly Environment Pack/Prefabs/Rock_5.prefab using Guid(3a33ce58c20826a4ea7253f84444654b) Importer(815301076,1909f56bfc062723c751e8b465ee728b)  -> (artifact id: 'bfabd1a59c48fa9b85b0dbdd2160daf3') in 0.013798 seconds 
  Import took 0.016543 seconds .

========================================================================
Received Import Request.
  Time since last request: 0.000212 seconds.
  path: Assets/Imports/LowPoly Environment Pack/Prefabs/Plant_3.prefab
  artifactKey: Guid(01bdef6597b249b44a9530ab656246fc) Importer(815301076,1909f56bfc062723c751e8b465ee728b)
Start importing Assets/Imports/LowPoly Environment Pack/Prefabs/Plant_3.prefab using Guid(01bdef6597b249b44a9530ab656246fc) Importer(815301076,1909f56bfc062723c751e8b465ee728b)  -> (artifact id: 'a68f449d459d02ba27cb750da7061d51') in 0.014458 seconds 
  Import took 0.017439 seconds .

========================================================================
Received Import Request.
  Time since last request: 0.000211 seconds.
  path: Assets/Imports/LowPoly Environment Pack/Prefabs/Tree_3.prefab
  artifactKey: Guid(fa6105287f77b1240a0017f7d23434c2) Importer(815301076,1909f56bfc062723c751e8b465ee728b)
Start importing Assets/Imports/LowPoly Environment Pack/Prefabs/Tree_3.prefab using Guid(fa6105287f77b1240a0017f7d23434c2) Importer(815301076,1909f56bfc062723c751e8b465ee728b)  -> (artifact id: '34a8d5be245009674c598f515ee02a96') in 0.016373 seconds 
  Import took 0.019188 seconds .

========================================================================
Received Import Request.
  Time since last request: 0.000167 seconds.
  path: Assets/Imports/LowPoly Environment Pack/Prefabs/Environment_1.prefab
  artifactKey: Guid(93acc49b5a9f4e84b89aa62e0282a2a3) Importer(815301076,1909f56bfc062723c751e8b465ee728b)
Start importing Assets/Imports/LowPoly Environment Pack/Prefabs/Environment_1.prefab using Guid(93acc49b5a9f4e84b89aa62e0282a2a3) Importer(815301076,1909f56bfc062723c751e8b465ee728b)  -> (artifact id: 'b72746a58f22d72b802b9d25864f5073') in 0.015434 seconds 
  Import took 0.018219 seconds .

========================================================================
Received Import Request.
  Time since last request: 0.000194 seconds.
  path: Assets/Imports/LowPoly Environment Pack/Prefabs/Mounting_2.prefab
  artifactKey: Guid(8732d563a511d834e823ac895b8a4004) Importer(815301076,1909f56bfc062723c751e8b465ee728b)
Start importing Assets/Imports/LowPoly Environment Pack/Prefabs/Mounting_2.prefab using Guid(8732d563a511d834e823ac895b8a4004) Importer(815301076,1909f56bfc062723c751e8b465ee728b)  -> (artifact id: 'f29062c8f88c29f21a478d11644f1372') in 0.015223 seconds 
  Import took 0.017689 seconds .

========================================================================
Received Import Request.
  Time since last request: 0.000181 seconds.
  path: Assets/Imports/LowPoly Environment Pack/Prefabs/Plant_6.prefab
  artifactKey: Guid(21cba551342e0284a87bcb1672a662d2) Importer(815301076,1909f56bfc062723c751e8b465ee728b)
Start importing Assets/Imports/LowPoly Environment Pack/Prefabs/Plant_6.prefab using Guid(21cba551342e0284a87bcb1672a662d2) Importer(815301076,1909f56bfc062723c751e8b465ee728b)  -> (artifact id: '60c05fa52a70b1d516933b0675f102c6') in 0.014706 seconds 
  Import took 0.017205 seconds .

========================================================================
Received Import Request.
  Time since last request: 0.000186 seconds.
  path: Assets/Imports/LowPoly Environment Pack/Prefabs/Rock_4.prefab
  artifactKey: Guid(836ca07fc69b4184ca14265c7d24030d) Importer(815301076,1909f56bfc062723c751e8b465ee728b)
Start importing Assets/Imports/LowPoly Environment Pack/Prefabs/Rock_4.prefab using Guid(836ca07fc69b4184ca14265c7d24030d) Importer(815301076,1909f56bfc062723c751e8b465ee728b)  -> (artifact id: 'a2b4612a34dfe0e9c5d87ae94779f13c') in 0.013127 seconds 
  Import took 0.015735 seconds .

========================================================================
Received Import Request.
  Time since last request: 0.000258 seconds.
  path: Assets/Imports/LowPoly Environment Pack/Prefabs/Terrain_1.prefab
  artifactKey: Guid(2bd413b982191d54396bb381188bb4d0) Importer(815301076,1909f56bfc062723c751e8b465ee728b)
Start importing Assets/Imports/LowPoly Environment Pack/Prefabs/Terrain_1.prefab using Guid(2bd413b982191d54396bb381188bb4d0) Importer(815301076,1909f56bfc062723c751e8b465ee728b)  -> (artifact id: '10e64ac6c149ca972eb978c70d1525f3') in 0.015352 seconds 
  Import took 0.018026 seconds .

========================================================================
Received Import Request.
  Time since last request: 0.000234 seconds.
  path: Assets/Imports/LowPoly Environment Pack/Prefabs/Log_2.prefab
  artifactKey: Guid(7c1b7eb3905d5694688d9bb9fe2c0d47) Importer(815301076,1909f56bfc062723c751e8b465ee728b)
Start importing Assets/Imports/LowPoly Environment Pack/Prefabs/Log_2.prefab using Guid(7c1b7eb3905d5694688d9bb9fe2c0d47) Importer(815301076,1909f56bfc062723c751e8b465ee728b)  -> (artifact id: '7e44137556251a618759184a0ee6320e') in 0.013984 seconds 
  Import took 0.016425 seconds .

========================================================================
Received Import Request.
  Time since last request: 0.000209 seconds.
  path: Assets/Imports/LowPoly Environment Pack/Prefabs/Plant_4.prefab
  artifactKey: Guid(41e722f5443cbd048b675375e24f1beb) Importer(815301076,1909f56bfc062723c751e8b465ee728b)
Start importing Assets/Imports/LowPoly Environment Pack/Prefabs/Plant_4.prefab using Guid(41e722f5443cbd048b675375e24f1beb) Importer(815301076,1909f56bfc062723c751e8b465ee728b)  -> (artifact id: '43dbc03fedc4f663d5df6ddb97eb06b7') in 0.013551 seconds 
  Import took 0.016141 seconds .

========================================================================
Received Import Request.
  Time since last request: 0.000223 seconds.
  path: Assets/Imports/LowPoly Environment Pack/Prefabs/Mounting_1.prefab
  artifactKey: Guid(e05ee61d6dad0e54eb51d1c8ec3becc6) Importer(815301076,1909f56bfc062723c751e8b465ee728b)
Start importing Assets/Imports/LowPoly Environment Pack/Prefabs/Mounting_1.prefab using Guid(e05ee61d6dad0e54eb51d1c8ec3becc6) Importer(815301076,1909f56bfc062723c751e8b465ee728b)  -> (artifact id: '4dbf38a6b7b9f1731a345b7ec828b202') in 0.014022 seconds 
  Import took 0.016554 seconds .

========================================================================
Received Import Request.
  Time since last request: 0.000200 seconds.
  path: Assets/Imports/LowPoly Environment Pack/Prefabs/Bush_2.prefab
  artifactKey: Guid(0de8a3d472546b04aa775e83b052764e) Importer(815301076,1909f56bfc062723c751e8b465ee728b)
Start importing Assets/Imports/LowPoly Environment Pack/Prefabs/Bush_2.prefab using Guid(0de8a3d472546b04aa775e83b052764e) Importer(815301076,1909f56bfc062723c751e8b465ee728b)  -> (artifact id: '00318b95c9fcdb273d24d80ce255c8a1') in 0.013866 seconds 
  Import took 0.016618 seconds .

========================================================================
Received Import Request.
  Time since last request: 0.000234 seconds.
  path: Assets/Imports/LowPoly Environment Pack/Prefabs/Log_3.prefab
  artifactKey: Guid(d7de6c400fc6dce4e847672adb026364) Importer(815301076,1909f56bfc062723c751e8b465ee728b)
Start importing Assets/Imports/LowPoly Environment Pack/Prefabs/Log_3.prefab using Guid(d7de6c400fc6dce4e847672adb026364) Importer(815301076,1909f56bfc062723c751e8b465ee728b)  -> (artifact id: 'e8973322a4d7f018e6ae81e94c96ee42') in 0.014296 seconds 
  Import took 0.016693 seconds .

========================================================================
Received Import Request.
  Time since last request: 0.000153 seconds.
  path: Assets/Imports/LowPoly Environment Pack/Prefabs/Bush_3.prefab
  artifactKey: Guid(27ce25370e5628e4097b7cb95b3a151d) Importer(815301076,1909f56bfc062723c751e8b465ee728b)
Start importing Assets/Imports/LowPoly Environment Pack/Prefabs/Bush_3.prefab using Guid(27ce25370e5628e4097b7cb95b3a151d) Importer(815301076,1909f56bfc062723c751e8b465ee728b)  -> (artifact id: 'ca4557e819668c1febacbf1c880aabb4') in 0.013419 seconds 
  Import took 0.016398 seconds .

========================================================================
Received Import Request.
  Time since last request: 0.000264 seconds.
  path: Assets/Imports/LowPoly Environment Pack/Prefabs/Terrain_2.prefab
  artifactKey: Guid(ef140beec582a5a46a6362fcfc31784d) Importer(815301076,1909f56bfc062723c751e8b465ee728b)
Start importing Assets/Imports/LowPoly Environment Pack/Prefabs/Terrain_2.prefab using Guid(ef140beec582a5a46a6362fcfc31784d) Importer(815301076,1909f56bfc062723c751e8b465ee728b)  -> (artifact id: 'c54f46ceddda2e06daf3fb6ed38f7534') in 0.013132 seconds 
  Import took 0.016161 seconds .

========================================================================
Received Import Request.
  Time since last request: 0.000232 seconds.
  path: Assets/Imports/LowPoly Environment Pack/Prefabs/Plant_5.prefab
  artifactKey: Guid(fd4804b84d34a784ea6831ede116af4c) Importer(815301076,1909f56bfc062723c751e8b465ee728b)
Start importing Assets/Imports/LowPoly Environment Pack/Prefabs/Plant_5.prefab using Guid(fd4804b84d34a784ea6831ede116af4c) Importer(815301076,1909f56bfc062723c751e8b465ee728b)  -> (artifact id: '92b7066d38595a4abf7a7f8506353de1') in 0.014626 seconds 
  Import took 0.017194 seconds .

========================================================================
Received Import Request.
  Time since last request: 0.000183 seconds.
  path: Assets/Imports/LowPoly Environment Pack/Prefabs/Rock_6.prefab
  artifactKey: Guid(c53e680fdc8fae04d91b4ce9e548d2df) Importer(815301076,1909f56bfc062723c751e8b465ee728b)
Start importing Assets/Imports/LowPoly Environment Pack/Prefabs/Rock_6.prefab using Guid(c53e680fdc8fae04d91b4ce9e548d2df) Importer(815301076,1909f56bfc062723c751e8b465ee728b)  -> (artifact id: '9357883553721c07aec45c8306bc7d36') in 0.014464 seconds 
  Import took 0.017138 seconds .

========================================================================
Received Import Request.
  Time since last request: 0.000196 seconds.
  path: Assets/Imports/LowPoly Environment Pack/Prefabs/Plant_7.prefab
  artifactKey: Guid(1a6a34cedc83b654099dbb403ec40524) Importer(815301076,1909f56bfc062723c751e8b465ee728b)
Start importing Assets/Imports/LowPoly Environment Pack/Prefabs/Plant_7.prefab using Guid(1a6a34cedc83b654099dbb403ec40524) Importer(815301076,1909f56bfc062723c751e8b465ee728b)  -> (artifact id: 'd5d4920b2c004b4ac25b05fc921c175c') in 0.014188 seconds 
  Import took 0.016919 seconds .

========================================================================
Received Import Request.
  Time since last request: 0.000222 seconds.
  path: Assets/Imports/LowPoly Environment Pack/Prefabs/Plant_2.prefab
  artifactKey: Guid(4dcb45769932d8b449fc6523626179be) Importer(815301076,1909f56bfc062723c751e8b465ee728b)
Start importing Assets/Imports/LowPoly Environment Pack/Prefabs/Plant_2.prefab using Guid(4dcb45769932d8b449fc6523626179be) Importer(815301076,1909f56bfc062723c751e8b465ee728b)  -> (artifact id: '9f7a180e695544b1f54bd2194de8eb88') in 0.014603 seconds 
  Import took 0.016909 seconds .

========================================================================
Received Import Request.
  Time since last request: 0.000183 seconds.
  path: Assets/Imports/LowPoly Environment Pack/Prefabs/Stone_1.prefab
  artifactKey: Guid(0f9577b4dda6cc546abea4737be5a392) Importer(815301076,1909f56bfc062723c751e8b465ee728b)
Start importing Assets/Imports/LowPoly Environment Pack/Prefabs/Stone_1.prefab using Guid(0f9577b4dda6cc546abea4737be5a392) Importer(815301076,1909f56bfc062723c751e8b465ee728b)  -> (artifact id: '5d26cfd4f6d28b110be218779a0537c6') in 0.014121 seconds 
  Import took 0.016356 seconds .

========================================================================
Received Import Request.
  Time since last request: 0.000232 seconds.
  path: Assets/Imports/LowPoly Environment Pack/Prefabs/Grass_1.prefab
  artifactKey: Guid(b2199aadf1bb8c4449f3edfc84a39f78) Importer(815301076,1909f56bfc062723c751e8b465ee728b)
Start importing Assets/Imports/LowPoly Environment Pack/Prefabs/Grass_1.prefab using Guid(b2199aadf1bb8c4449f3edfc84a39f78) Importer(815301076,1909f56bfc062723c751e8b465ee728b)  -> (artifact id: '2dbea94b64138e1dba46fd22d10adcdd') in 0.013546 seconds 
  Import took 0.016437 seconds .

========================================================================
Received Import Request.
  Time since last request: 0.000193 seconds.
  path: Assets/Imports/LowPoly Environment Pack/Prefabs/Rock_3.prefab
  artifactKey: Guid(da41fd2967a439d409358c2214a5409e) Importer(815301076,1909f56bfc062723c751e8b465ee728b)
Start importing Assets/Imports/LowPoly Environment Pack/Prefabs/Rock_3.prefab using Guid(da41fd2967a439d409358c2214a5409e) Importer(815301076,1909f56bfc062723c751e8b465ee728b)  -> (artifact id: 'aea1014c187b8181394db424e8226bdf') in 0.014717 seconds 
  Import took 0.017647 seconds .

========================================================================
Received Import Request.
  Time since last request: 0.000195 seconds.
  path: Assets/Imports/LowPoly Environment Pack/Prefabs/Tree_1.prefab
  artifactKey: Guid(c7821bc923171f24094e69062402d005) Importer(815301076,1909f56bfc062723c751e8b465ee728b)
Start importing Assets/Imports/LowPoly Environment Pack/Prefabs/Tree_1.prefab using Guid(c7821bc923171f24094e69062402d005) Importer(815301076,1909f56bfc062723c751e8b465ee728b)  -> (artifact id: 'd681687a2431bee86051842083ab4612') in 0.014723 seconds 
  Import took 0.017433 seconds .

========================================================================
Received Import Request.
  Time since last request: 1.030614 seconds.
  path: Assets/Imports/LowPoly Environment Pack/FBX
  artifactKey: Guid(330d22fb8481f194e995606c993f12c5) Importer(815301076,1909f56bfc062723c751e8b465ee728b)
Start importing Assets/Imports/LowPoly Environment Pack/FBX using Guid(330d22fb8481f194e995606c993f12c5) Importer(815301076,1909f56bfc062723c751e8b465ee728b)  -> (artifact id: 'b5b6bb8a3c8eeab5e88f5fab17094112') in 0.006771 seconds 
  Import took 0.009141 seconds .

========================================================================
Received Import Request.
  Time since last request: 0.227104 seconds.
  path: Assets/Imports/LowPoly Environment Pack/FBX/Bush_1.fbx
  artifactKey: Guid(1938cd5cf7941f548b756cdb94a425fb) Importer(815301076,1909f56bfc062723c751e8b465ee728b)
Start importing Assets/Imports/LowPoly Environment Pack/FBX/Bush_1.fbx using Guid(1938cd5cf7941f548b756cdb94a425fb) Importer(815301076,1909f56bfc062723c751e8b465ee728b)  -> (artifact id: 'ebe42bfe049116a9dd884352a36b80a6') in 0.118684 seconds 
  Import took 0.121232 seconds .

========================================================================
Received Import Request.
  Time since last request: 0.000224 seconds.
  path: Assets/Imports/LowPoly Environment Pack/FBX/Stone_1.fbx
  artifactKey: Guid(8da72e9a2ba2b0d4aa84f50b8f19b35f) Importer(815301076,1909f56bfc062723c751e8b465ee728b)
Start importing Assets/Imports/LowPoly Environment Pack/FBX/Stone_1.fbx using Guid(8da72e9a2ba2b0d4aa84f50b8f19b35f) Importer(815301076,1909f56bfc062723c751e8b465ee728b)  -> (artifact id: '0a19ce2b11f06b0ede824e669d0511c4') in 0.016208 seconds 
  Import took 0.018490 seconds .

========================================================================
Received Import Request.
  Time since last request: 0.000210 seconds.
  path: Assets/Imports/LowPoly Environment Pack/FBX/Plant_6.fbx
  artifactKey: Guid(537ff932739c5174fa989b8403a9db91) Importer(815301076,1909f56bfc062723c751e8b465ee728b)
Start importing Assets/Imports/LowPoly Environment Pack/FBX/Plant_6.fbx using Guid(537ff932739c5174fa989b8403a9db91) Importer(815301076,1909f56bfc062723c751e8b465ee728b)  -> (artifact id: '2ffdc09ef9276a3c9611946876d72bd7') in 0.017744 seconds 
  Import took 0.020161 seconds .

========================================================================
Received Import Request.
  Time since last request: 0.000230 seconds.
  path: Assets/Imports/LowPoly Environment Pack/FBX/Mounting_1.fbx
  artifactKey: Guid(7d626b52dc7a9c24e95f55619a456158) Importer(815301076,1909f56bfc062723c751e8b465ee728b)
Start importing Assets/Imports/LowPoly Environment Pack/FBX/Mounting_1.fbx using Guid(7d626b52dc7a9c24e95f55619a456158) Importer(815301076,1909f56bfc062723c751e8b465ee728b)  -> (artifact id: '63e09325fd4f21ebf83dd5ca853eba74') in 0.017623 seconds 
  Import took 0.020638 seconds .

========================================================================
Received Import Request.
  Time since last request: 0.000227 seconds.
  path: Assets/Imports/LowPoly Environment Pack/FBX/Rock_6.fbx
  artifactKey: Guid(71bb44319f15e0741846c4fad009f013) Importer(815301076,1909f56bfc062723c751e8b465ee728b)
Start importing Assets/Imports/LowPoly Environment Pack/FBX/Rock_6.fbx using Guid(71bb44319f15e0741846c4fad009f013) Importer(815301076,1909f56bfc062723c751e8b465ee728b)  -> (artifact id: '42b6c00e2a340dd49ec6bed2c7c9cba7') in 0.015968 seconds 
  Import took 0.018855 seconds .

========================================================================
Received Import Request.
  Time since last request: 0.000205 seconds.
  path: Assets/Imports/LowPoly Environment Pack/FBX/Grass_1.fbx
  artifactKey: Guid(34dfeb3f659c70946a7698f1846d752b) Importer(815301076,1909f56bfc062723c751e8b465ee728b)
Start importing Assets/Imports/LowPoly Environment Pack/FBX/Grass_1.fbx using Guid(34dfeb3f659c70946a7698f1846d752b) Importer(815301076,1909f56bfc062723c751e8b465ee728b)  -> (artifact id: '90e583d73d509848eaef3ff329107aec') in 0.017720 seconds 
  Import took 0.020181 seconds .

========================================================================
Received Import Request.
  Time since last request: 0.000208 seconds.
  path: Assets/Imports/LowPoly Environment Pack/FBX/Tree_2.fbx
  artifactKey: Guid(24a759921bedc2541881a0535a7bfcc8) Importer(815301076,1909f56bfc062723c751e8b465ee728b)
Start importing Assets/Imports/LowPoly Environment Pack/FBX/Tree_2.fbx using Guid(24a759921bedc2541881a0535a7bfcc8) Importer(815301076,1909f56bfc062723c751e8b465ee728b)  -> (artifact id: '14f8a81af661e5976630deac8f8475b3') in 0.048333 seconds 
  Import took 0.050873 seconds .

========================================================================
Received Import Request.
  Time since last request: 0.000190 seconds.
  path: Assets/Imports/LowPoly Environment Pack/FBX/Tree_3.fbx
  artifactKey: Guid(9fae9f7a7664c4c47a4fd4e9eedf6d6c) Importer(815301076,1909f56bfc062723c751e8b465ee728b)
Start importing Assets/Imports/LowPoly Environment Pack/FBX/Tree_3.fbx using Guid(9fae9f7a7664c4c47a4fd4e9eedf6d6c) Importer(815301076,1909f56bfc062723c751e8b465ee728b)  -> (artifact id: 'a788bd517831a56f386dcb9acac7a85d') in 0.054969 seconds 
  Import took 0.057840 seconds .

========================================================================
Received Import Request.
  Time since last request: 0.000252 seconds.
  path: Assets/Imports/LowPoly Environment Pack/FBX/Plant_4.fbx
  artifactKey: Guid(283c2a73be2ff274abe5a6c1e1ee3a48) Importer(815301076,1909f56bfc062723c751e8b465ee728b)
Start importing Assets/Imports/LowPoly Environment Pack/FBX/Plant_4.fbx using Guid(283c2a73be2ff274abe5a6c1e1ee3a48) Importer(815301076,1909f56bfc062723c751e8b465ee728b)  -> (artifact id: '550aa10cfe22092da0f4eab33dfe35b8') in 0.015808 seconds 
  Import took 0.018850 seconds .

========================================================================
Received Import Request.
  Time since last request: 0.000237 seconds.
  path: Assets/Imports/LowPoly Environment Pack/FBX/Log_1.fbx
  artifactKey: Guid(f12a3ed37c1553f46a2806744d6b056e) Importer(815301076,1909f56bfc062723c751e8b465ee728b)
Start importing Assets/Imports/LowPoly Environment Pack/FBX/Log_1.fbx using Guid(f12a3ed37c1553f46a2806744d6b056e) Importer(815301076,1909f56bfc062723c751e8b465ee728b)  -> (artifact id: '86c784a76a03f06ac6ab9b72a56876d3') in 0.020777 seconds 
  Import took 0.023627 seconds .

========================================================================
Received Import Request.
  Time since last request: 0.000231 seconds.
  path: Assets/Imports/LowPoly Environment Pack/FBX/Mounting_3.fbx
  artifactKey: Guid(492031f9cbc117d419c5271ccc50b76a) Importer(815301076,1909f56bfc062723c751e8b465ee728b)
Start importing Assets/Imports/LowPoly Environment Pack/FBX/Mounting_3.fbx using Guid(492031f9cbc117d419c5271ccc50b76a) Importer(815301076,1909f56bfc062723c751e8b465ee728b)  -> (artifact id: '8754e9d3eb6976e7f5556479fd224c63') in 0.017533 seconds 
  Import took 0.020536 seconds .

========================================================================
Received Import Request.
  Time since last request: 0.000256 seconds.
  path: Assets/Imports/LowPoly Environment Pack/FBX/Plant_3.fbx
  artifactKey: Guid(90805fe502fa4b94e9cfc4e1c6d566bb) Importer(815301076,1909f56bfc062723c751e8b465ee728b)
Start importing Assets/Imports/LowPoly Environment Pack/FBX/Plant_3.fbx using Guid(90805fe502fa4b94e9cfc4e1c6d566bb) Importer(815301076,1909f56bfc062723c751e8b465ee728b)  -> (artifact id: '7178568bc5e7f1e4504f9a5ada2042d7') in 0.017414 seconds 
  Import took 0.020032 seconds .

========================================================================
Received Import Request.
  Time since last request: 0.000203 seconds.
  path: Assets/Imports/LowPoly Environment Pack/FBX/Rock_4.fbx
  artifactKey: Guid(b58e7fdfb89fbc549b36a69243aee4c0) Importer(815301076,1909f56bfc062723c751e8b465ee728b)
Start importing Assets/Imports/LowPoly Environment Pack/FBX/Rock_4.fbx using Guid(b58e7fdfb89fbc549b36a69243aee4c0) Importer(815301076,1909f56bfc062723c751e8b465ee728b)  -> (artifact id: 'bf4d9202cb02867ccf64fc5c05ff871a') in 0.017441 seconds 
  Import took 0.019933 seconds .

========================================================================
Received Import Request.
  Time since last request: 0.000169 seconds.
  path: Assets/Imports/LowPoly Environment Pack/FBX/Log_3.fbx
  artifactKey: Guid(afd0b1f883c32e241806a5fdf70cb47a) Importer(815301076,1909f56bfc062723c751e8b465ee728b)
Start importing Assets/Imports/LowPoly Environment Pack/FBX/Log_3.fbx using Guid(afd0b1f883c32e241806a5fdf70cb47a) Importer(815301076,1909f56bfc062723c751e8b465ee728b)  -> (artifact id: '7b8e0a7a864dd3dd6ddce8ce613f2330') in 0.017647 seconds 
  Import took 0.020081 seconds .

========================================================================
Received Import Request.
  Time since last request: 0.000160 seconds.
  path: Assets/Imports/LowPoly Environment Pack/FBX/Plant_1.fbx
  artifactKey: Guid(3739d3cd85494bb4c887d0401497fe57) Importer(815301076,1909f56bfc062723c751e8b465ee728b)
Start importing Assets/Imports/LowPoly Environment Pack/FBX/Plant_1.fbx using Guid(3739d3cd85494bb4c887d0401497fe57) Importer(815301076,1909f56bfc062723c751e8b465ee728b)  -> (artifact id: 'ea520f01db308cbc53f302fea1893683') in 0.016254 seconds 
  Import took 0.018915 seconds .

========================================================================
Received Import Request.
  Time since last request: 0.000234 seconds.
  path: Assets/Imports/LowPoly Environment Pack/FBX/Log_2.fbx
  artifactKey: Guid(a834527aa1ce23a40857bdc293825f3a) Importer(815301076,1909f56bfc062723c751e8b465ee728b)
Start importing Assets/Imports/LowPoly Environment Pack/FBX/Log_2.fbx using Guid(a834527aa1ce23a40857bdc293825f3a) Importer(815301076,1909f56bfc062723c751e8b465ee728b)  -> (artifact id: 'aceb4d8ddbcfb524c3d286957f8fdbf2') in 0.018006 seconds 
  Import took 0.020335 seconds .

========================================================================
Received Import Request.
  Time since last request: 0.000205 seconds.
  path: Assets/Imports/LowPoly Environment Pack/FBX/Rock_1.fbx
  artifactKey: Guid(b2d7d77df4449b24fb2fffe6ca115874) Importer(815301076,1909f56bfc062723c751e8b465ee728b)
Start importing Assets/Imports/LowPoly Environment Pack/FBX/Rock_1.fbx using Guid(b2d7d77df4449b24fb2fffe6ca115874) Importer(815301076,1909f56bfc062723c751e8b465ee728b)  -> (artifact id: 'db25c044a0356ed5c0697352bb830d1b') in 0.016599 seconds 
  Import took 0.019005 seconds .

========================================================================
Received Import Request.
  Time since last request: 0.000266 seconds.
  path: Assets/Imports/LowPoly Environment Pack/FBX/Plant_5.fbx
  artifactKey: Guid(c9ce8f855ca8c98449df4090174b5cd0) Importer(815301076,1909f56bfc062723c751e8b465ee728b)
Start importing Assets/Imports/LowPoly Environment Pack/FBX/Plant_5.fbx using Guid(c9ce8f855ca8c98449df4090174b5cd0) Importer(815301076,1909f56bfc062723c751e8b465ee728b)  -> (artifact id: '33d9531682b9c74ecabc20904e4d029f') in 0.018343 seconds 
  Import took 0.021431 seconds .

========================================================================
Received Import Request.
  Time since last request: 0.000215 seconds.
  path: Assets/Imports/LowPoly Environment Pack/FBX/Plant_2.fbx
  artifactKey: Guid(c83f502368bab8140af79867b14e99c9) Importer(815301076,1909f56bfc062723c751e8b465ee728b)
Start importing Assets/Imports/LowPoly Environment Pack/FBX/Plant_2.fbx using Guid(c83f502368bab8140af79867b14e99c9) Importer(815301076,1909f56bfc062723c751e8b465ee728b)  -> (artifact id: '39b1a82532ae9b23d5b7a617faa2453c') in 0.015223 seconds 
  Import took 0.018154 seconds .

========================================================================
Received Import Request.
  Time since last request: 0.000246 seconds.
  path: Assets/Imports/LowPoly Environment Pack/FBX/Tree_1.fbx
  artifactKey: Guid(c52a1ad28de5ec447a225e11be0fe132) Importer(815301076,1909f56bfc062723c751e8b465ee728b)
Start importing Assets/Imports/LowPoly Environment Pack/FBX/Tree_1.fbx using Guid(c52a1ad28de5ec447a225e11be0fe132) Importer(815301076,1909f56bfc062723c751e8b465ee728b)  -> (artifact id: 'e7b49ab96641c88ebd0e7f9a67a9230e') in 0.039332 seconds 
  Import took 0.042141 seconds .

========================================================================
Received Import Request.
  Time since last request: 0.000160 seconds.
  path: Assets/Imports/LowPoly Environment Pack/FBX/Terrain_2.fbx
  artifactKey: Guid(cc767c10d36eaa748aaa5b008bf78528) Importer(815301076,1909f56bfc062723c751e8b465ee728b)
Start importing Assets/Imports/LowPoly Environment Pack/FBX/Terrain_2.fbx using Guid(cc767c10d36eaa748aaa5b008bf78528) Importer(815301076,1909f56bfc062723c751e8b465ee728b)  -> (artifact id: 'a0d40966fc5743b7b0aebf4da63124ea') in 0.018441 seconds 
  Import took 0.020715 seconds .

========================================================================
Received Import Request.
  Time since last request: 0.000166 seconds.
  path: Assets/Imports/LowPoly Environment Pack/FBX/Terrain_1.fbx
  artifactKey: Guid(dcf51a1e867a87e4596f1c757cbdb947) Importer(815301076,1909f56bfc062723c751e8b465ee728b)
Start importing Assets/Imports/LowPoly Environment Pack/FBX/Terrain_1.fbx using Guid(dcf51a1e867a87e4596f1c757cbdb947) Importer(815301076,1909f56bfc062723c751e8b465ee728b)  -> (artifact id: '28febe15cf9caec0d88503b36b26ce61') in 0.015946 seconds 
  Import took 0.018735 seconds .

========================================================================
Received Import Request.
  Time since last request: 0.000204 seconds.
  path: Assets/Imports/LowPoly Environment Pack/FBX/Bush_2.fbx
  artifactKey: Guid(87ad1332cfca6934ea307ce26bfc9dec) Importer(815301076,1909f56bfc062723c751e8b465ee728b)
Start importing Assets/Imports/LowPoly Environment Pack/FBX/Bush_2.fbx using Guid(87ad1332cfca6934ea307ce26bfc9dec) Importer(815301076,1909f56bfc062723c751e8b465ee728b)  -> (artifact id: 'e34d135c612ab0edb6bca3b804f30f6f') in 0.016729 seconds 
  Import took 0.019782 seconds .

========================================================================
Received Import Request.
  Time since last request: 0.000189 seconds.
  path: Assets/Imports/LowPoly Environment Pack/Demo
  artifactKey: Guid(82ad8ac609380ca47aea35aa6c5689df) Importer(815301076,1909f56bfc062723c751e8b465ee728b)
Start importing Assets/Imports/LowPoly Environment Pack/Demo using Guid(82ad8ac609380ca47aea35aa6c5689df) Importer(815301076,1909f56bfc062723c751e8b465ee728b)  -> (artifact id: 'edfcffbc6c88eda0c14d1513fdaf52ab') in 0.006324 seconds 
  Import took 0.008653 seconds .

========================================================================
Received Import Request.
  Time since last request: 0.000196 seconds.
  path: Assets/Imports/LowPoly Environment Pack/FBX/Environment_1.fbx
  artifactKey: Guid(a9a560b7bc05a6a46978b53fe4b40f49) Importer(815301076,1909f56bfc062723c751e8b465ee728b)
Start importing Assets/Imports/LowPoly Environment Pack/FBX/Environment_1.fbx using Guid(a9a560b7bc05a6a46978b53fe4b40f49) Importer(815301076,1909f56bfc062723c751e8b465ee728b)  -> (artifact id: 'c21cb34cbc9c2eda788647332fd3b965') in 0.017372 seconds 
  Import took 0.020252 seconds .

========================================================================
Received Import Request.
  Time since last request: 0.000162 seconds.
  path: Assets/Imports/LowPoly Environment Pack/FBX/Mounting_2.fbx
  artifactKey: Guid(bf8d317df722d644f99e8ff3926c99d9) Importer(815301076,1909f56bfc062723c751e8b465ee728b)
Start importing Assets/Imports/LowPoly Environment Pack/FBX/Mounting_2.fbx using Guid(bf8d317df722d644f99e8ff3926c99d9) Importer(815301076,1909f56bfc062723c751e8b465ee728b)  -> (artifact id: 'e8eb5a2f18abb36da44280b3e8e5cb59') in 0.017697 seconds 
  Import took 0.020172 seconds .

========================================================================
Received Import Request.
  Time since last request: 0.000200 seconds.
  path: Assets/Imports/LowPoly Environment Pack/FBX/Plant_7.fbx
  artifactKey: Guid(1840141b5d3f43e49a5c7980d5c40da4) Importer(815301076,1909f56bfc062723c751e8b465ee728b)
Start importing Assets/Imports/LowPoly Environment Pack/FBX/Plant_7.fbx using Guid(1840141b5d3f43e49a5c7980d5c40da4) Importer(815301076,1909f56bfc062723c751e8b465ee728b)  -> (artifact id: 'cfbb623f96a0011d86e71a63961dc9cd') in 0.024366 seconds 
  Import took 0.026937 seconds .

========================================================================
Received Import Request.
  Time since last request: 0.000208 seconds.
  path: Assets/Imports/LowPoly Environment Pack/FBX/Rock_5.fbx
  artifactKey: Guid(18cea87bdb7d0fa46986e492321f3d1e) Importer(815301076,1909f56bfc062723c751e8b465ee728b)
Start importing Assets/Imports/LowPoly Environment Pack/FBX/Rock_5.fbx using Guid(18cea87bdb7d0fa46986e492321f3d1e) Importer(815301076,1909f56bfc062723c751e8b465ee728b)  -> (artifact id: 'f714459bd5a1e82f7b2a92ba6ff80193') in 0.016488 seconds 
  Import took 0.019134 seconds .

========================================================================
Received Import Request.
  Time since last request: 0.000200 seconds.
  path: Assets/Imports/LowPoly Environment Pack/FBX/Grass_2.fbx
  artifactKey: Guid(a0873148ac8296f43bcd8ca9f39271e3) Importer(815301076,1909f56bfc062723c751e8b465ee728b)
Start importing Assets/Imports/LowPoly Environment Pack/FBX/Grass_2.fbx using Guid(a0873148ac8296f43bcd8ca9f39271e3) Importer(815301076,1909f56bfc062723c751e8b465ee728b)  -> (artifact id: 'f6586c30fd4e68516d5e06eadee94678') in 0.016421 seconds 
  Import took 0.019637 seconds .

========================================================================
Received Import Request.
  Time since last request: 0.000250 seconds.
  path: Assets/Imports/LowPoly Environment Pack/FBX/Rock_2.fbx
  artifactKey: Guid(dfed2e9fb3d8ac84da441095f9422543) Importer(815301076,1909f56bfc062723c751e8b465ee728b)
Start importing Assets/Imports/LowPoly Environment Pack/FBX/Rock_2.fbx using Guid(dfed2e9fb3d8ac84da441095f9422543) Importer(815301076,1909f56bfc062723c751e8b465ee728b)  -> (artifact id: '34eff97263c4ec0aea12ed223aebdbb0') in 0.017134 seconds 
  Import took 0.019793 seconds .

========================================================================
Received Import Request.
  Time since last request: 0.000190 seconds.
  path: Assets/Imports/LowPoly Environment Pack/FBX/Bush_3.fbx
  artifactKey: Guid(1e7949aa66587e540b15b43c6b92a25d) Importer(815301076,1909f56bfc062723c751e8b465ee728b)
Start importing Assets/Imports/LowPoly Environment Pack/FBX/Bush_3.fbx using Guid(1e7949aa66587e540b15b43c6b92a25d) Importer(815301076,1909f56bfc062723c751e8b465ee728b)  -> (artifact id: 'c238cae25e5a202344bd4fa457eb12c3') in 0.017642 seconds 
  Import took 0.020340 seconds .

========================================================================
Received Import Request.
  Time since last request: 0.000226 seconds.
  path: Assets/Imports/LowPoly Environment Pack/FBX/Rock_3.fbx
  artifactKey: Guid(f902b41e10cdd2d44aaf1ada606f5d3c) Importer(815301076,1909f56bfc062723c751e8b465ee728b)
Start importing Assets/Imports/LowPoly Environment Pack/FBX/Rock_3.fbx using Guid(f902b41e10cdd2d44aaf1ada606f5d3c) Importer(815301076,1909f56bfc062723c751e8b465ee728b)  -> (artifact id: 'd3cf3d55f1207d5c7eea9cac05fdacb5') in 0.015999 seconds 
  Import took 0.018486 seconds .

========================================================================
Received Import Request.
  Time since last request: 0.025439 seconds.
  path: Assets/Imports/LowPoly Environment Pack/Demo/Skybox.mat
  artifactKey: Guid(f14e791cab3ea0c4397ab4827d05bebc) Importer(815301076,1909f56bfc062723c751e8b465ee728b)
Start importing Assets/Imports/LowPoly Environment Pack/Demo/Skybox.mat using Guid(f14e791cab3ea0c4397ab4827d05bebc) Importer(815301076,1909f56bfc062723c751e8b465ee728b)  -> (artifact id: 'c9b104db73053a0852da29475214de81') in 0.116654 seconds 
  Import took 0.119279 seconds .

========================================================================
Received Import Request.
  Time since last request: 0.662893 seconds.
  path: Assets/Imports/LowPoly Environment Pack/Demo/Demo 1
  artifactKey: Guid(d33fabe7a366fb64299ecaede4c9e788) Importer(815301076,1909f56bfc062723c751e8b465ee728b)
Start importing Assets/Imports/LowPoly Environment Pack/Demo/Demo 1 using Guid(d33fabe7a366fb64299ecaede4c9e788) Importer(815301076,1909f56bfc062723c751e8b465ee728b)  -> (artifact id: 'b24472c24bbd0f47f83795a3a67d2270') in 0.006936 seconds 
  Import took 0.009429 seconds .

========================================================================
Received Import Request.
  Time since last request: 0.176972 seconds.
  path: Assets/Imports/LowPoly Environment Pack/Demo/Scene 1
  artifactKey: Guid(f91f7c53f956fd14cb88deffdacd9944) Importer(815301076,1909f56bfc062723c751e8b465ee728b)
Start importing Assets/Imports/LowPoly Environment Pack/Demo/Scene 1 using Guid(f91f7c53f956fd14cb88deffdacd9944) Importer(815301076,1909f56bfc062723c751e8b465ee728b)  -> (artifact id: 'df14ad376deee1e42b114ec5d337b880') in 0.006617 seconds 
  Import took 0.009045 seconds .

========================================================================
Received Import Request.
  Time since last request: 0.180821 seconds.
  path: Assets/Imports/LowPoly Environment Pack/Demo/Scene 2
  artifactKey: Guid(bce19436dd1f6c5419abc306514b5ea2) Importer(815301076,1909f56bfc062723c751e8b465ee728b)
Start importing Assets/Imports/LowPoly Environment Pack/Demo/Scene 2 using Guid(bce19436dd1f6c5419abc306514b5ea2) Importer(815301076,1909f56bfc062723c751e8b465ee728b)  -> (artifact id: 'abd6a0f1d5713cffa663717e3bdc4ad2') in 0.006444 seconds 
  Import took 0.009055 seconds .

========================================================================
Received Import Request.
  Time since last request: 0.142838 seconds.
  path: Assets/Imports/LowPoly Environment Pack/Demo/Scene 3
  artifactKey: Guid(df60628de985063449697c3d125abdec) Importer(815301076,1909f56bfc062723c751e8b465ee728b)
Start importing Assets/Imports/LowPoly Environment Pack/Demo/Scene 3 using Guid(df60628de985063449697c3d125abdec) Importer(815301076,1909f56bfc062723c751e8b465ee728b)  -> (artifact id: '2f1bfba9a08f34b440c204dea2d1ef6a') in 0.006276 seconds 
  Import took 0.008753 seconds .

========================================================================
Received Import Request.
  Time since last request: 0.186668 seconds.
  path: Assets/Imports/LowPoly Environment Pack/Demo/Demo 1.unity
  artifactKey: Guid(e1b793c40df980747b159fd6e9176269) Importer(815301076,1909f56bfc062723c751e8b465ee728b)
Start importing Assets/Imports/LowPoly Environment Pack/Demo/Demo 1.unity using Guid(e1b793c40df980747b159fd6e9176269) Importer(815301076,1909f56bfc062723c751e8b465ee728b)  -> (artifact id: 'e30a75279a165836c76e6f092433187e') in 0.006987 seconds 
  Import took 0.009637 seconds .

